mode: set
app/internal/application/application_default.go:25.79,31.16 2 0
app/internal/application/application_default.go:31.16,32.24 1 0
app/internal/application/application_default.go:32.24,34.4 1 0
app/internal/application/application_default.go:35.3,35.30 1 0
app/internal/application/application_default.go:35.30,37.4 1 0
app/internal/application/application_default.go:38.3,38.31 1 0
app/internal/application/application_default.go:38.31,40.4 1 0
app/internal/application/application_default.go:43.2,47.3 1 0
app/internal/application/application_default.go:61.50,67.16 3 0
app/internal/application/application_default.go:67.16,69.3 1 0
app/internal/application/application_default.go:71.2,82.49 6 0
app/internal/application/application_default.go:82.49,93.3 5 0
app/internal/application/application_default.go:95.2,95.8 1 0
app/internal/application/application_default.go:99.48,102.2 2 0
app/cmd/main.go:8.13,21.16 4 0
app/cmd/main.go:21.16,24.3 2 0
app/cmd/main.go:26.2,27.16 2 0
app/cmd/main.go:27.16,30.3 2 0
app/internal/loader/vehicle_json.go:10.59,14.2 1 0
app/internal/loader/vehicle_json.go:41.76,44.16 2 0
app/internal/loader/vehicle_json.go:44.16,46.3 1 0
app/internal/loader/vehicle_json.go:47.2,52.16 4 0
app/internal/loader/vehicle_json.go:52.16,54.3 1 0
app/internal/loader/vehicle_json.go:57.2,58.34 2 0
app/internal/loader/vehicle_json.go:58.34,79.3 1 0
app/internal/loader/vehicle_json.go:81.2,81.8 1 0
app/internal/repository/vehicle_map.go:6.89,9.15 2 1
app/internal/repository/vehicle_map.go:9.15,11.3 1 1
app/internal/repository/vehicle_map.go:12.2,12.49 1 1
app/internal/repository/vehicle_map.go:22.86,26.31 2 1
app/internal/repository/vehicle_map.go:26.31,28.3 1 1
app/internal/repository/vehicle_map.go:30.2,30.8 1 1
app/internal/repository/vehicle_map.go:34.130,38.31 2 1
app/internal/repository/vehicle_map.go:38.31,39.71 1 1
app/internal/repository/vehicle_map.go:39.71,41.4 1 1
app/internal/repository/vehicle_map.go:44.2,44.8 1 1
app/internal/repository/vehicle_map.go:48.142,52.31 2 1
app/internal/repository/vehicle_map.go:52.31,53.101 1 1
app/internal/repository/vehicle_map.go:53.101,55.4 1 1
app/internal/repository/vehicle_map.go:58.2,58.8 1 1
app/internal/repository/vehicle_map.go:62.102,66.31 2 1
app/internal/repository/vehicle_map.go:66.31,67.27 1 1
app/internal/repository/vehicle_map.go:67.27,69.4 1 1
app/internal/repository/vehicle_map.go:72.2,72.8 1 1
app/internal/repository/vehicle_map.go:76.132,80.31 2 1
app/internal/repository/vehicle_map.go:80.31,81.61 1 1
app/internal/repository/vehicle_map.go:81.61,83.4 1 1
app/internal/repository/vehicle_map.go:86.2,86.8 1 1
app/internal/repository/vehicle_map_mock.go:10.32,12.2 1 0
app/internal/repository/vehicle_map_mock.go:23.66,26.2 2 0
app/internal/repository/vehicle_map_mock.go:28.110,31.2 2 0
app/internal/repository/vehicle_map_mock.go:33.122,36.2 2 0
app/internal/repository/vehicle_map_mock.go:38.82,41.2 2 0
app/internal/repository/vehicle_map_mock.go:43.112,46.2 2 0
app/platform/web/response/error.go:14.67,18.42 2 0
app/platform/web/response/error.go:18.42,20.3 1 0
app/platform/web/response/error.go:23.2,28.16 3 0
app/platform/web/response/error.go:28.16,31.3 2 0
app/platform/web/response/error.go:34.2,36.16 3 0
app/platform/web/response/error.go:39.88,42.2 2 0
app/platform/web/response/json.go:9.54,11.17 1 1
app/platform/web/response/json.go:11.17,14.3 2 1
app/platform/web/response/json.go:17.2,18.16 2 1
app/platform/web/response/json.go:18.16,22.3 2 1
app/platform/web/response/json.go:25.2,31.16 3 1
app/platform/web/response/text.go:6.57,15.2 3 1
app/platform/web/request/json.go:19.49,21.56 1 1
app/platform/web/request/json.go:21.56,24.3 2 1
app/platform/web/request/json.go:27.2,28.16 2 1
app/platform/web/request/json.go:28.16,31.3 2 1
app/platform/web/request/json.go:33.2,33.8 1 1
app/internal/handler/vehicle.go:20.68,22.2 1 1
app/internal/handler/vehicle.go:25.64,26.54 1 1
app/internal/handler/vehicle.go:26.54,30.17 3 1
app/internal/handler/vehicle.go:30.17,33.4 2 1
app/internal/handler/vehicle.go:43.3,44.17 2 1
app/internal/handler/vehicle.go:44.17,45.11 1 1
app/internal/handler/vehicle.go:46.55,47.65 1 1
app/internal/handler/vehicle.go:48.12,49.72 1 0
app/internal/handler/vehicle.go:51.4,51.10 1 1
app/internal/handler/vehicle.go:55.3,58.5 1 1
app/internal/handler/vehicle.go:63.69,64.54 1 1
app/internal/handler/vehicle.go:64.54,68.17 3 1
app/internal/handler/vehicle.go:68.17,71.4 2 1
app/internal/handler/vehicle.go:72.3,73.17 2 1
app/internal/handler/vehicle.go:73.17,76.4 2 1
app/internal/handler/vehicle.go:79.3,80.17 2 1
app/internal/handler/vehicle.go:80.17,81.11 1 1
app/internal/handler/vehicle.go:82.55,83.65 1 1
app/internal/handler/vehicle.go:84.12,85.72 1 0
app/internal/handler/vehicle.go:87.4,87.10 1 1
app/internal/handler/vehicle.go:91.3,94.5 1 1
app/internal/handler/vehicle.go:99.68,100.54 1 1
app/internal/handler/vehicle.go:100.54,106.17 3 1
app/internal/handler/vehicle.go:106.17,107.11 1 1
app/internal/handler/vehicle.go:108.55,109.65 1 1
app/internal/handler/vehicle.go:110.12,111.72 1 0
app/internal/handler/vehicle.go:113.4,113.10 1 1
app/internal/handler/vehicle.go:117.3,120.5 1 1
app/internal/handler/vehicle.go:125.68,126.54 1 1
app/internal/handler/vehicle.go:126.54,132.17 3 1
app/internal/handler/vehicle.go:132.17,133.11 1 1
app/internal/handler/vehicle.go:134.55,135.65 1 1
app/internal/handler/vehicle.go:136.12,137.72 1 0
app/internal/handler/vehicle.go:139.4,139.10 1 1
app/internal/handler/vehicle.go:143.3,146.5 1 1
app/internal/handler/vehicle.go:151.65,152.54 1 1
app/internal/handler/vehicle.go:152.54,158.9 3 1
app/internal/handler/vehicle.go:158.9,161.18 3 1
app/internal/handler/vehicle.go:161.18,164.5 2 1
app/internal/handler/vehicle.go:166.4,167.18 2 1
app/internal/handler/vehicle.go:167.18,170.5 2 1
app/internal/handler/vehicle.go:174.3,175.17 2 1
app/internal/handler/vehicle.go:175.17,176.11 1 1
app/internal/handler/vehicle.go:177.55,178.65 1 1
app/internal/handler/vehicle.go:179.12,180.72 1 0
app/internal/handler/vehicle.go:182.4,182.10 1 1
app/internal/handler/vehicle.go:186.3,189.5 1 1
app/internal/service/vehicle_default.go:12.89,14.2 1 1
app/internal/service/vehicle_default.go:17.127,20.16 2 1
app/internal/service/vehicle_default.go:20.16,22.3 1 0
app/internal/service/vehicle_default.go:23.2,23.17 1 1
app/internal/service/vehicle_default.go:23.17,26.3 2 1
app/internal/service/vehicle_default.go:27.2,27.8 1 1
app/internal/service/vehicle_default.go:31.139,34.16 2 1
app/internal/service/vehicle_default.go:34.16,36.3 1 0
app/internal/service/vehicle_default.go:37.2,37.17 1 1
app/internal/service/vehicle_default.go:37.17,40.3 2 1
app/internal/service/vehicle_default.go:41.2,41.8 1 1
app/internal/service/vehicle_default.go:45.93,48.16 2 1
app/internal/service/vehicle_default.go:48.16,50.3 1 0
app/internal/service/vehicle_default.go:53.2,53.17 1 1
app/internal/service/vehicle_default.go:53.17,56.3 2 1
app/internal/service/vehicle_default.go:58.2,59.28 2 1
app/internal/service/vehicle_default.go:59.28,61.3 1 1
app/internal/service/vehicle_default.go:63.2,64.8 2 1
app/internal/service/vehicle_default.go:68.89,71.16 2 1
app/internal/service/vehicle_default.go:71.16,73.3 1 0
app/internal/service/vehicle_default.go:76.2,76.17 1 1
app/internal/service/vehicle_default.go:76.17,79.3 2 1
app/internal/service/vehicle_default.go:81.2,82.28 2 1
app/internal/service/vehicle_default.go:82.28,84.3 1 1
app/internal/service/vehicle_default.go:86.2,87.8 2 1
app/internal/service/vehicle_default.go:91.130,93.9 1 1
app/internal/service/vehicle_default.go:93.9,96.3 2 1
app/internal/service/vehicle_default.go:98.2,99.16 2 1
app/internal/service/vehicle_default.go:99.16,101.3 1 0
app/internal/service/vehicle_default.go:102.2,102.17 1 1
app/internal/service/vehicle_default.go:102.17,105.3 2 1
app/internal/service/vehicle_default.go:106.2,106.8 1 1
app/internal/service/vehicle_default_mock.go:10.43,12.2 1 0
app/internal/service/vehicle_default_mock.go:24.110,26.37 2 0
app/internal/service/vehicle_default_mock.go:26.37,28.3 1 0
app/internal/service/vehicle_default_mock.go:29.2,29.62 1 0
app/internal/service/vehicle_default_mock.go:33.122,35.42 2 0
app/internal/service/vehicle_default_mock.go:35.42,37.3 1 0
app/internal/service/vehicle_default_mock.go:38.2,38.62 1 0
app/internal/service/vehicle_default_mock.go:42.76,44.41 2 0
app/internal/service/vehicle_default_mock.go:44.41,46.3 1 0
app/internal/service/vehicle_default_mock.go:47.2,47.45 1 0
app/internal/service/vehicle_default_mock.go:51.72,53.41 2 0
app/internal/service/vehicle_default_mock.go:53.41,55.3 1 0
app/internal/service/vehicle_default_mock.go:56.2,56.41 1 0
app/internal/service/vehicle_default_mock.go:60.113,63.2 2 0
